<?xml version="1.0" encoding="UTF-8"?>
<testng-results ignored="0" total="1" passed="1" failed="0" skipped="0">
  <reporter-output>
  </reporter-output>
  <suite started-at="2024-01-03T17:36:39 IST" name="Default suite" finished-at="2024-01-03T17:36:41 IST" duration-ms="1334">
    <groups>
    </groups>
    <test started-at="2024-01-03T17:36:39 IST" name="Default test" finished-at="2024-01-03T17:36:41 IST" duration-ms="1334">
      <class name="com.qa.util.ReadDataFromExcel">
        <test-method signature="getData()[pri:0, instance:com.qa.util.ReadDataFromExcel@4dbb42b7]" started-at="2024-01-03T17:36:40 IST" name="getData" finished-at="2024-01-03T17:36:41 IST" duration-ms="1281" status="PASS">
          <reporter-output>
          </reporter-output>
        </test-method> <!-- getData -->
      </class> <!-- com.qa.util.ReadDataFromExcel -->
    </test> <!-- Default test -->
  </suite> <!-- Default suite -->
</testng-results>
