<?xml version="1.0" encoding="UTF-8"?>
<testng-results ignored="0" total="3" passed="3" failed="0" skipped="0">
  <reporter-output>
  </reporter-output>
  <suite started-at="2024-01-07T15:06:49 IST" name="Default suite" finished-at="2024-01-07T15:07:09 IST" duration-ms="20085">
    <groups>
      <group name="cucumber">
        <method signature="AbstractTestNGCucumberTests.runScenario(io.cucumber.testng.PickleWrapper,io.cucumber.testng.FeatureWrapper)[pri:0, instance:TestRunners.ParallelRunner@771a660]" name="runScenario" class="io.cucumber.testng.AbstractTestNGCucumberTests"/>
      </group> <!-- cucumber -->
    </groups>
    <test started-at="2024-01-07T15:06:49 IST" name="Default test" finished-at="2024-01-07T15:07:09 IST" duration-ms="20085">
      <class name="TestRunners.ParallelRunner">
        <test-method is-config="true" signature="setUpClass(org.testng.ITestContext)[pri:0, instance:TestRunners.ParallelRunner@771a660]" started-at="2024-01-07T15:06:49 IST" name="setUpClass" finished-at="2024-01-07T15:06:50 IST" duration-ms="1303" status="PASS">
          <params>
            <param index="0">
              <value>
                <![CDATA[org.testng.TestRunner@380e1909]]>
              </value>
            </param>
          </params>
          <reporter-output>
          </reporter-output>
        </test-method> <!-- setUpClass -->
        <test-method signature="runScenario(io.cucumber.testng.PickleWrapper,io.cucumber.testng.FeatureWrapper)[pri:0, instance:TestRunners.ParallelRunner@771a660]" started-at="2024-01-07T15:06:50 IST" name="runScenario" description="Runs Cucumber Scenarios" data-provider="scenarios" finished-at="2024-01-07T15:07:04 IST" duration-ms="13783" status="PASS">
          <params>
            <param index="0">
              <value>
                <![CDATA["login to open cart Demo as a admin"]]>
              </value>
            </param>
            <param index="1">
              <value>
                <![CDATA["Admin Login Page functionality"]]>
              </value>
            </param>
          </params>
          <reporter-output>
          </reporter-output>
        </test-method> <!-- runScenario -->
        <test-method signature="runScenario(io.cucumber.testng.PickleWrapper,io.cucumber.testng.FeatureWrapper)[pri:0, instance:TestRunners.ParallelRunner@771a660]" started-at="2024-01-07T15:06:50 IST" name="runScenario" description="Runs Cucumber Scenarios" data-provider="scenarios" finished-at="2024-01-07T15:07:02 IST" duration-ms="11302" status="PASS">
          <params>
            <param index="0">
              <value>
                <![CDATA["verify the login page title"]]>
              </value>
            </param>
            <param index="1">
              <value>
                <![CDATA["Admin Login Page functionality"]]>
              </value>
            </param>
          </params>
          <reporter-output>
          </reporter-output>
        </test-method> <!-- runScenario -->
        <test-method signature="runScenario(io.cucumber.testng.PickleWrapper,io.cucumber.testng.FeatureWrapper)[pri:0, instance:TestRunners.ParallelRunner@771a660]" started-at="2024-01-07T15:06:50 IST" name="runScenario" description="Runs Cucumber Scenarios" data-provider="scenarios" finished-at="2024-01-07T15:07:02 IST" duration-ms="12081" status="PASS">
          <params>
            <param index="0">
              <value>
                <![CDATA["verify the forget password link"]]>
              </value>
            </param>
            <param index="1">
              <value>
                <![CDATA["Admin Login Page functionality"]]>
              </value>
            </param>
          </params>
          <reporter-output>
          </reporter-output>
        </test-method> <!-- runScenario -->
        <test-method is-config="true" signature="tearDownClass()[pri:0, instance:TestRunners.ParallelRunner@771a660]" started-at="2024-01-07T15:07:04 IST" name="tearDownClass" finished-at="2024-01-07T15:07:09 IST" duration-ms="4934" status="PASS">
          <reporter-output>
          </reporter-output>
        </test-method> <!-- tearDownClass -->
      </class> <!-- TestRunners.ParallelRunner -->
    </test> <!-- Default test -->
  </suite> <!-- Default suite -->
</testng-results>
