<?xml version="1.0" encoding="UTF-8"?>
<testng-results ignored="0" total="5" passed="5" failed="0" skipped="0">
  <reporter-output>
  </reporter-output>
  <suite started-at="2024-02-22T13:24:38 IST" name="Default suite" finished-at="2024-02-22T13:25:10 IST" duration-ms="31927">
    <groups>
      <group name="cucumber">
        <method signature="AbstractTestNGCucumberTests.runScenario(io.cucumber.testng.PickleWrapper,io.cucumber.testng.FeatureWrapper)[pri:0, instance:TestRunners.ParallelRunner@771a660]" name="runScenario" class="io.cucumber.testng.AbstractTestNGCucumberTests"/>
      </group> <!-- cucumber -->
    </groups>
    <test started-at="2024-02-22T13:24:38 IST" name="Default test" finished-at="2024-02-22T13:25:10 IST" duration-ms="31927">
      <class name="TestRunners.ParallelRunner">
        <test-method is-config="true" signature="setUpClass(org.testng.ITestContext)[pri:0, instance:TestRunners.ParallelRunner@771a660]" started-at="2024-02-22T13:24:38 IST" name="setUpClass" finished-at="2024-02-22T13:24:39 IST" duration-ms="1185" status="PASS">
          <params>
            <param index="0">
              <value>
                <![CDATA[org.testng.TestRunner@778a1250]]>
              </value>
            </param>
          </params>
          <reporter-output>
          </reporter-output>
        </test-method> <!-- setUpClass -->
        <test-method signature="runScenario(io.cucumber.testng.PickleWrapper,io.cucumber.testng.FeatureWrapper)[pri:0, instance:TestRunners.ParallelRunner@771a660]" started-at="2024-02-22T13:24:39 IST" name="runScenario" description="Runs Cucumber Scenarios" data-provider="scenarios" finished-at="2024-02-22T13:24:57 IST" duration-ms="17702" status="PASS">
          <params>
            <param index="0">
              <value>
                <![CDATA["login to the application with invalid credentials"]]>
              </value>
            </param>
            <param index="1">
              <value>
                <![CDATA["Login Page Functionality"]]>
              </value>
            </param>
          </params>
          <reporter-output>
          </reporter-output>
        </test-method> <!-- runScenario -->
        <test-method signature="runScenario(io.cucumber.testng.PickleWrapper,io.cucumber.testng.FeatureWrapper)[pri:0, instance:TestRunners.ParallelRunner@771a660]" started-at="2024-02-22T13:24:39 IST" name="runScenario" description="Runs Cucumber Scenarios" data-provider="scenarios" finished-at="2024-02-22T13:25:05 IST" duration-ms="25534" status="PASS">
          <params>
            <param index="0">
              <value>
                <![CDATA["login to the application with valid credentials"]]>
              </value>
            </param>
            <param index="1">
              <value>
                <![CDATA["Login Page Functionality"]]>
              </value>
            </param>
          </params>
          <reporter-output>
          </reporter-output>
        </test-method> <!-- runScenario -->
        <test-method signature="runScenario(io.cucumber.testng.PickleWrapper,io.cucumber.testng.FeatureWrapper)[pri:0, instance:TestRunners.ParallelRunner@771a660]" started-at="2024-02-22T13:24:39 IST" name="runScenario" description="Runs Cucumber Scenarios" data-provider="scenarios" finished-at="2024-02-22T13:24:59 IST" duration-ms="19309" status="PASS">
          <params>
            <param index="0">
              <value>
                <![CDATA["verify the screen opening the loginpopup"]]>
              </value>
            </param>
            <param index="1">
              <value>
                <![CDATA["landing page feature"]]>
              </value>
            </param>
          </params>
          <reporter-output>
          </reporter-output>
        </test-method> <!-- runScenario -->
        <test-method signature="runScenario(io.cucumber.testng.PickleWrapper,io.cucumber.testng.FeatureWrapper)[pri:0, instance:TestRunners.ParallelRunner@771a660]" started-at="2024-02-22T13:24:39 IST" name="runScenario" description="Runs Cucumber Scenarios" data-provider="scenarios" finished-at="2024-02-22T13:24:59 IST" duration-ms="19793" status="PASS">
          <params>
            <param index="0">
              <value>
                <![CDATA["verify the login pagetitle"]]>
              </value>
            </param>
            <param index="1">
              <value>
                <![CDATA["Login Page Functionality"]]>
              </value>
            </param>
          </params>
          <reporter-output>
          </reporter-output>
        </test-method> <!-- runScenario -->
        <test-method signature="runScenario(io.cucumber.testng.PickleWrapper,io.cucumber.testng.FeatureWrapper)[pri:0, instance:TestRunners.ParallelRunner@771a660]" started-at="2024-02-22T13:24:39 IST" name="runScenario" description="Runs Cucumber Scenarios" data-provider="scenarios" finished-at="2024-02-22T13:24:55 IST" duration-ms="15756" status="PASS">
          <params>
            <param index="0">
              <value>
                <![CDATA["verify the page header"]]>
              </value>
            </param>
            <param index="1">
              <value>
                <![CDATA["landing page feature"]]>
              </value>
            </param>
          </params>
          <reporter-output>
          </reporter-output>
        </test-method> <!-- runScenario -->
        <test-method is-config="true" signature="tearDownClass()[pri:0, instance:TestRunners.ParallelRunner@771a660]" started-at="2024-02-22T13:25:05 IST" name="tearDownClass" finished-at="2024-02-22T13:25:10 IST" duration-ms="5151" status="PASS">
          <reporter-output>
          </reporter-output>
        </test-method> <!-- tearDownClass -->
      </class> <!-- TestRunners.ParallelRunner -->
    </test> <!-- Default test -->
  </suite> <!-- Default suite -->
</testng-results>
